<?xml version="1.0" encoding="UTF-8"?>
<!-- Generated by org.testng.reporters.JUnitReportReporter -->
<testsuite skipped="0" hostname="surya" name="script.ValidLogin" tests="1" failures="0" timestamp="05 Mar 2019 06:53:42 GMT" time="46.006" errors="0">
  <testcase name="testValidLogin" time="46.006" classname="script.ValidLogin"/>
</testsuite> <!-- script.ValidLogin -->
