<?xml version="1.0" encoding="UTF-8"?>
<!-- Generated by org.testng.reporters.JUnitReportReporter -->
<testsuite skipped="0" hostname="surya" name="qsp.GridDemo" tests="1" failures="0" timestamp="10 Mar 2019 10:27:37 GMT" time="21.674" errors="0">
  <testcase name="testA" time="21.674" classname="qsp.GridDemo"/>
</testsuite> <!-- qsp.GridDemo -->
