<?xml version="1.0" encoding="UTF-8"?>
<!-- Generated by org.testng.reporters.JUnitReportReporter -->
<testsuite skipped="0" hostname="surya" name="qsp.GridDemo2" tests="1" failures="0" timestamp="18 Feb 2019 19:17:40 GMT" time="66.774" errors="0">
  <testcase name="testA" time="66.774" classname="qsp.GridDemo2"/>
</testsuite> <!-- qsp.GridDemo2 -->
