<?xml version="1.0" encoding="UTF-8"?>
<!-- Generated by org.testng.reporters.JUnitReportReporter -->
<testsuite hostname="surya" name="com.ranfordbank.TestExecution" tests="17" failures="0" timestamp="15 Apr 2019 16:33:10 GMT" time="225.286" errors="0">
  <testcase name="verify_createNewBranch" time="5.546" classname="com.ranfordbank.TestExecution"/>
  <testcase name="verify_branchSearch" time="26.331" classname="com.ranfordbank.TestExecution"/>
  <testcase name="verify_login" time="7.558" classname="com.ranfordbank.TestExecution"/>
  <testcase name="verify_createNewEmployee" time="98.391" classname="com.ranfordbank.TestExecution"/>
  <testcase name="verify_employee" time="1.604" classname="com.ranfordbank.TestExecution"/>
  <testcase name="verify_employeeOperation" time="11.753" classname="com.ranfordbank.TestExecution"/>
  <testcase name="verify_newRole" time="0.985" classname="com.ranfordbank.TestExecution"/>
  <testcase name="verify_newEmployee" time="16.234" classname="com.ranfordbank.TestExecution"/>
  <testcase name="verify_newBranch" time="1.712" classname="com.ranfordbank.TestExecution"/>
  <testcase name="verify_createnewRole" time="1.470" classname="com.ranfordbank.TestExecution"/>
  <testcase name="verify_users" time="2.144" classname="com.ranfordbank.TestExecution"/>
  <testcase name="verify_newUser" time="3.230" classname="com.ranfordbank.TestExecution"/>
  <testcase name="verify_roleOperation" time="4.323" classname="com.ranfordbank.TestExecution"/>
  <testcase name="verify_branches" time="3.104" classname="com.ranfordbank.TestExecution"/>
  <testcase name="verify_launch" time="12.625" classname="com.ranfordbank.TestExecution"/>
  <testcase name="verify_roles" time="0.901" classname="com.ranfordbank.TestExecution"/>
  <testcase name="verify_createNewUser" time="27.375" classname="com.ranfordbank.TestExecution"/>
</testsuite> <!-- com.ranfordbank.TestExecution -->
