<?xml version="1.0" encoding="UTF-8"?>
<!-- Generated by org.testng.reporters.JUnitReportReporter -->
<testsuite skipped="0" hostname="surya" name="testngdemo.DemoB" tests="3" failures="0" timestamp="16 Mar 2019 09:14:24 GMT" time="0.047" errors="0">
  <testcase name="createUser" time="0.031" classname="testngdemo.DemoB"/>
  <testcase name="editUser" time="0.016" classname="testngdemo.DemoB"/>
  <testcase name="deleteUser" time="0.000" classname="testngdemo.DemoB"/>
</testsuite> <!-- testngdemo.DemoB -->
