<?xml version="1.0" encoding="UTF-8"?>
<!-- Generated by org.testng.reporters.JUnitReportReporter -->
<testsuite skipped="0" hostname="surya" name="tuesday.DemoA" tests="1" failures="0" timestamp="12 Feb 2019 07:43:46 GMT" time="0.015" errors="0">
  <testcase name="testA" time="0.015" classname="tuesday.DemoA"/>
</testsuite> <!-- tuesday.DemoA -->
