<?xml version="1.0" encoding="UTF-8"?>
<!-- Generated by org.testng.reporters.JUnitReportReporter -->
<testsuite skipped="0" hostname="surya" name="testngdemo.ParameterDemo" tests="1" failures="0" timestamp="15 Mar 2019 21:17:53 GMT" time="0.015" errors="0">
  <testcase name="testA" time="0.015" classname="testngdemo.ParameterDemo"/>
</testsuite> <!-- testngdemo.ParameterDemo -->
