<?xml version="1.0" encoding="UTF-8"?>
<!-- Generated by org.testng.reporters.JUnitReportReporter -->
<testsuite skipped="0" hostname="surya" name="testngdemo.DataProviderDemo" tests="2" failures="0" timestamp="15 Mar 2019 21:00:57 GMT" time="0.039" errors="0">
  <testcase name="testA" time="0.034" classname="testngdemo.DataProviderDemo"/>
  <testcase name="testA" time="0.005" classname="testngdemo.DataProviderDemo"/>
</testsuite> <!-- testngdemo.DataProviderDemo -->
