<?xml version="1.0" encoding="UTF-8"?>
<!-- Generated by org.testng.reporters.JUnitReportReporter -->
<testsuite skipped="0" hostname="surya" name="testngdemo.OptionalDemo" tests="1" failures="0" timestamp="15 Mar 2019 21:31:45 GMT" time="0.029" errors="0">
  <testcase name="testA" time="0.029" classname="testngdemo.OptionalDemo"/>
</testsuite> <!-- testngdemo.OptionalDemo -->
