<?xml version="1.0" encoding="UTF-8"?>
<!-- Generated by org.testng.reporters.JUnitReportReporter -->
<testsuite skipped="0" hostname="surya" name="tuesday.DemoB" tests="2" failures="0" timestamp="13 Feb 2019 07:13:30 GMT" time="0.034" errors="0">
  <testcase name="TestB2" time="0.012" classname="tuesday.DemoB"/>
  <testcase name="TestB1" time="0.022" classname="tuesday.DemoB"/>
</testsuite> <!-- tuesday.DemoB -->
