<?xml version="1.0" encoding="UTF-8"?>
<!-- Generated by org.testng.reporters.JUnitReportReporter -->
<testsuite skipped="0" hostname="surya" name="testngdemo.DataProviderDemo2" tests="2" failures="0" timestamp="15 Mar 2019 21:01:18 GMT" time="0.048" errors="0">
  <testcase name="testA" time="0.031" classname="testngdemo.DataProviderDemo2"/>
  <testcase name="testA" time="0.017" classname="testngdemo.DataProviderDemo2"/>
</testsuite> <!-- testngdemo.DataProviderDemo2 -->
