<?xml version="1.0" encoding="UTF-8"?>
<!-- Generated by org.testng.reporters.JUnitReportReporter -->
<testsuite skipped="0" hostname="surya" name="testngdemo.DemoA" tests="4" failures="0" timestamp="16 Mar 2019 09:13:46 GMT" time="0.037" errors="0">
  <testcase name="createUser" time="0.024" classname="testngdemo.DemoA"/>
  <testcase name="createUser" time="0.005" classname="testngdemo.DemoA"/>
  <testcase name="deleteUser" time="0.004" classname="testngdemo.DemoA"/>
  <testcase name="editUser" time="0.004" classname="testngdemo.DemoA"/>
</testsuite> <!-- testngdemo.DemoA -->
