<?xml version="1.0" encoding="UTF-8"?>
<!-- Generated by org.testng.reporters.JUnitReportReporter -->
<testsuite skipped="0" hostname="surya" name="testngdemo.Demo1" tests="1" failures="0" timestamp="16 Mar 2019 09:01:12 GMT" time="0.020" errors="0">
  <testcase name="test1" time="0.020" classname="testngdemo.Demo1"/>
</testsuite> <!-- testngdemo.Demo1 -->
